<?xml version="1.0" encoding='ISO-8859-1' standalone='yes' ?>
<?xml-stylesheet type="text/xsl" href="report.xsl"?>
<TestRun>
  <FailedTests>
    <FailedTest id="1">
      <Name>CExampleTest::TestCase01</Name>
      <FailureType>Assertion</FailureType>
      <Location>
        <File>c:\users\h61754\desktop\技能鉴定题\杜仲国\基本工程\水仙花数\oj template\testcase\cexampletest.cpp</File>
        <Line>57</Line>
      </Location>
      <Message>assertion failed
- Expression: 1 == nResult
</Message>
    </FailedTest>
  </FailedTests>
  <SuccessfulTests></SuccessfulTests>
  <Statistics>
    <Tests>1</Tests>
    <FailuresTotal>1</FailuresTotal>
    <Errors>0</Errors>
    <Failures>1</Failures>
  </Statistics>
</TestRun>
