<?xml version="1.0" encoding='ISO-8859-1' standalone='yes' ?>
<?xml-stylesheet type="text/xsl" href="report.xsl"?>
<TestRun>
  <FailedTests>
    <FailedTest id="1">
      <Name>CExampleTest::TestCase01_1</Name>
      <FailureType>Assertion</FailureType>
      <Location>
        <File>d:\tttttest\oj template\testcase\cexampletest.cpp</File>
        <Line>47</Line>
      </Location>
      <Message>assertion failed
- Expression: -1 == result
</Message>
    </FailedTest>
  </FailedTests>
  <SuccessfulTests></SuccessfulTests>
  <Statistics>
    <Tests>1</Tests>
    <FailuresTotal>1</FailuresTotal>
    <Errors>0</Errors>
    <Failures>1</Failures>
  </Statistics>
</TestRun>
