<?xml version="1.0" encoding='ISO-8859-1' standalone='yes' ?>
<?xml-stylesheet type="text/xsl" href="report.xsl"?>
<TestRun>
  <FailedTests>
    <FailedTest id="1">
      <Name>CExampleTest::TestCase01</Name>
      <FailureType>Assertion</FailureType>
      <Location>
        <File>c:\documents and settings\z00215331\桌面\oj移植\jam的计数法\0001\oj template\testcase\cexampletest.cpp</File>
        <Line>54</Line>
      </Location>
      <Message>assertion failed
- Expression: 0 == strcmp( pBufOutData,&quot;bdghi\nbdghj\nbdgij\nbdhij\nbefgh&quot;)
</Message>
    </FailedTest>
  </FailedTests>
  <SuccessfulTests></SuccessfulTests>
  <Statistics>
    <Tests>1</Tests>
    <FailuresTotal>1</FailuresTotal>
    <Errors>0</Errors>
    <Failures>1</Failures>
  </Statistics>
</TestRun>
