<?xml version="1.0" encoding='ISO-8859-1' standalone='yes' ?>
<?xml-stylesheet type="text/xsl" href="report.xsl"?>
<TestRun>
  <FailedTests>
    <FailedTest id="1">
      <Name>CExampleTest::TestCase01</Name>
      <FailureType>Assertion</FailureType>
      <Location>
        <File>c:\documents and settings\w00214953\桌面\oj移植\mov\英文金曲大赛1242\oj template\testcase\cexampletest.cpp</File>
        <Line>49</Line>
      </Location>
      <Message>assertion failed
- Expression: 0 == strcmp(result, &quot;xiaoyuanwang 10.00&quot;)
</Message>
    </FailedTest>
    <FailedTest id="2">
      <Name>CExampleTest::TestCase02</Name>
      <FailureType>Assertion</FailureType>
      <Location>
        <File>c:\documents and settings\w00214953\桌面\oj移植\mov\英文金曲大赛1242\oj template\testcase\cexampletest.cpp</File>
        <Line>59</Line>
      </Location>
      <Message>assertion failed
- Expression: 0 == strcmp(result, &quot;xiaoyuanwang 10.00\nbeast 0.00&quot;)
</Message>
    </FailedTest>
  </FailedTests>
  <SuccessfulTests></SuccessfulTests>
  <Statistics>
    <Tests>2</Tests>
    <FailuresTotal>2</FailuresTotal>
    <Errors>0</Errors>
    <Failures>2</Failures>
  </Statistics>
</TestRun>
